2024-09-30T21:48:28.438+05:30  INFO 2980 --- [RoomManagement-Service] [restartedMain] c.s.R.RoomManagementServiceApplication   : Starting RoomManagementServiceApplication using Java 17.0.1 with PID 2980 (F:\PMS\RoomManagement-Service\target\classes started by Sovon Singha in F:\PMS\RoomManagement-Service)
2024-09-30T21:48:28.440+05:30  INFO 2980 --- [RoomManagement-Service] [restartedMain] c.s.R.RoomManagementServiceApplication   : No active profile set, falling back to 1 default profile: "default"
2024-09-30T21:48:28.482+05:30  INFO 2980 --- [RoomManagement-Service] [restartedMain] o.s.c.c.c.ConfigServerConfigDataLoader   : Fetching config from server at : http://localhost:8888
2024-09-30T21:48:28.482+05:30  INFO 2980 --- [RoomManagement-Service] [restartedMain] o.s.c.c.c.ConfigServerConfigDataLoader   : Exception on Url - http://localhost:8888:org.springframework.web.client.ResourceAccessException: I/O error on GET request for "http://localhost:8888/RoomManagement-Service/default": Connection refused: no further information. Will be trying the next url if available
2024-09-30T21:48:28.482+05:30  WARN 2980 --- [RoomManagement-Service] [restartedMain] o.s.c.c.c.ConfigServerConfigDataLoader   : Could not locate PropertySource ([ConfigServerConfigDataResource@63802bd5 uris = array<String>['http://localhost:8888'], optional = true, profiles = 'default']): I/O error on GET request for "http://localhost:8888/RoomManagement-Service/default": Connection refused: no further information
2024-09-30T21:48:28.482+05:30  INFO 2980 --- [RoomManagement-Service] [restartedMain] o.s.c.c.c.ConfigServerConfigDataLoader   : Fetching config from server at : http://localhost:8888
2024-09-30T21:48:28.482+05:30  INFO 2980 --- [RoomManagement-Service] [restartedMain] o.s.c.c.c.ConfigServerConfigDataLoader   : Exception on Url - http://localhost:8888:org.springframework.web.client.ResourceAccessException: I/O error on GET request for "http://localhost:8888/RoomManagement-Service/default": Connection refused: no further information. Will be trying the next url if available
2024-09-30T21:48:28.482+05:30  WARN 2980 --- [RoomManagement-Service] [restartedMain] o.s.c.c.c.ConfigServerConfigDataLoader   : Could not locate PropertySource ([ConfigServerConfigDataResource@4ce881d5 uris = array<String>['http://localhost:8888'], optional = true, profiles = 'default']): I/O error on GET request for "http://localhost:8888/RoomManagement-Service/default": Connection refused: no further information
2024-09-30T21:48:28.482+05:30  INFO 2980 --- [RoomManagement-Service] [restartedMain] o.s.c.c.c.ConfigServerConfigDataLoader   : Fetching config from server at : http://localhost:8888
2024-09-30T21:48:28.482+05:30  INFO 2980 --- [RoomManagement-Service] [restartedMain] o.s.c.c.c.ConfigServerConfigDataLoader   : Exception on Url - http://localhost:8888:org.springframework.web.client.ResourceAccessException: I/O error on GET request for "http://localhost:8888/RoomManagement-Service/default": Connection refused: no further information. Will be trying the next url if available
2024-09-30T21:48:28.482+05:30  WARN 2980 --- [RoomManagement-Service] [restartedMain] o.s.c.c.c.ConfigServerConfigDataLoader   : Could not locate PropertySource ([ConfigServerConfigDataResource@13a990b0 uris = array<String>['http://localhost:8888'], optional = true, profiles = 'default']): I/O error on GET request for "http://localhost:8888/RoomManagement-Service/default": Connection refused: no further information
2024-09-30T21:48:28.484+05:30  INFO 2980 --- [RoomManagement-Service] [restartedMain] .e.DevToolsPropertyDefaultsPostProcessor : Devtools property defaults active! Set 'spring.devtools.add-properties' to 'false' to disable
2024-09-30T21:48:28.484+05:30  INFO 2980 --- [RoomManagement-Service] [restartedMain] .e.DevToolsPropertyDefaultsPostProcessor : For additional web related logging consider setting the 'logging.level.web' property to 'DEBUG'
2024-09-30T21:48:29.835+05:30  INFO 2980 --- [RoomManagement-Service] [restartedMain] .s.d.r.c.RepositoryConfigurationDelegate : Bootstrapping Spring Data JPA repositories in DEFAULT mode.
2024-09-30T21:48:29.993+05:30  INFO 2980 --- [RoomManagement-Service] [restartedMain] .s.d.r.c.RepositoryConfigurationDelegate : Finished Spring Data repository scanning in 138 ms. Found 1 JPA repository interface.
2024-09-30T21:48:30.339+05:30  INFO 2980 --- [RoomManagement-Service] [restartedMain] o.s.cloud.context.scope.GenericScope     : BeanFactory id=18fc2cc4-2689-36ec-95ec-d1539a36e6be
2024-09-30T21:48:30.962+05:30  WARN 2980 --- [RoomManagement-Service] [restartedMain] trationDelegate$BeanPostProcessorChecker : Bean 'org.springframework.cloud.client.loadbalancer.LoadBalancerAutoConfiguration$DeferringLoadBalancerInterceptorConfig' of type [org.springframework.cloud.client.loadbalancer.LoadBalancerAutoConfiguration$DeferringLoadBalancerInterceptorConfig] is not eligible for getting processed by all BeanPostProcessors (for example: not eligible for auto-proxying). The currently created BeanPostProcessor [lbRestClientPostProcessor] is declared through a non-static factory method on that class; consider declaring it as static instead.
2024-09-30T21:48:30.966+05:30  WARN 2980 --- [RoomManagement-Service] [restartedMain] trationDelegate$BeanPostProcessorChecker : Bean 'deferringLoadBalancerInterceptor' of type [org.springframework.cloud.client.loadbalancer.DeferringLoadBalancerInterceptor] is not eligible for getting processed by all BeanPostProcessors (for example: not eligible for auto-proxying). Is this bean getting eagerly injected into a currently created BeanPostProcessor [lbRestClientPostProcessor]? Check the corresponding BeanPostProcessor declaration and its dependencies.
2024-09-30T21:48:32.005+05:30  INFO 2980 --- [RoomManagement-Service] [restartedMain] o.s.b.w.embedded.tomcat.TomcatWebServer  : Tomcat initialized with port 8083 (http)
2024-09-30T21:48:32.058+05:30  INFO 2980 --- [RoomManagement-Service] [restartedMain] o.apache.catalina.core.StandardService   : Starting service [Tomcat]
2024-09-30T21:48:32.059+05:30  INFO 2980 --- [RoomManagement-Service] [restartedMain] o.apache.catalina.core.StandardEngine    : Starting Servlet engine: [Apache Tomcat/10.1.20]
2024-09-30T21:48:32.148+05:30  INFO 2980 --- [RoomManagement-Service] [restartedMain] o.a.c.c.C.[Tomcat].[localhost].[/]       : Initializing Spring embedded WebApplicationContext
2024-09-30T21:48:32.149+05:30  INFO 2980 --- [RoomManagement-Service] [restartedMain] w.s.c.ServletWebServerApplicationContext : Root WebApplicationContext: initialization completed in 3664 ms
2024-09-30T21:48:33.206+05:30  INFO 2980 --- [RoomManagement-Service] [restartedMain] o.hibernate.jpa.internal.util.LogHelper  : HHH000204: Processing PersistenceUnitInfo [name: default]
2024-09-30T21:48:33.448+05:30  INFO 2980 --- [RoomManagement-Service] [restartedMain] org.hibernate.Version                    : HHH000412: Hibernate ORM core version 6.4.4.Final
2024-09-30T21:48:33.596+05:30  INFO 2980 --- [RoomManagement-Service] [restartedMain] o.h.c.internal.RegionFactoryInitiator    : HHH000026: Second-level cache disabled
2024-09-30T21:48:34.078+05:30  INFO 2980 --- [RoomManagement-Service] [restartedMain] o.s.o.j.p.SpringPersistenceUnitInfo      : No LoadTimeWeaver setup: ignoring JPA class transformer
2024-09-30T21:48:34.097+05:30  INFO 2980 --- [RoomManagement-Service] [restartedMain] com.zaxxer.hikari.HikariDataSource       : HikariPool-1 - Starting...
2024-09-30T21:48:34.464+05:30  INFO 2980 --- [RoomManagement-Service] [restartedMain] com.zaxxer.hikari.pool.HikariPool        : HikariPool-1 - Added connection com.mysql.cj.jdbc.ConnectionImpl@68c47298
2024-09-30T21:48:34.465+05:30  INFO 2980 --- [RoomManagement-Service] [restartedMain] com.zaxxer.hikari.HikariDataSource       : HikariPool-1 - Start completed.
2024-09-30T21:48:35.502+05:30  INFO 2980 --- [RoomManagement-Service] [restartedMain] o.h.e.t.j.p.i.JtaPlatformInitiator       : HHH000489: No JTA platform available (set 'hibernate.transaction.jta.platform' to enable JTA platform integration)
2024-09-30T21:48:35.547+05:30  INFO 2980 --- [RoomManagement-Service] [restartedMain] j.LocalContainerEntityManagerFactoryBean : Initialized JPA EntityManagerFactory for persistence unit 'default'
2024-09-30T21:48:36.758+05:30  WARN 2980 --- [RoomManagement-Service] [restartedMain] JpaBaseConfiguration$JpaWebConfiguration : spring.jpa.open-in-view is enabled by default. Therefore, database queries may be performed during view rendering. Explicitly configure spring.jpa.open-in-view to disable this warning
2024-09-30T21:48:38.765+05:30  WARN 2980 --- [RoomManagement-Service] [restartedMain] o.s.b.d.a.OptionalLiveReloadServer       : Unable to start LiveReload server
2024-09-30T21:48:38.901+05:30  INFO 2980 --- [RoomManagement-Service] [restartedMain] DiscoveryClientOptionalArgsConfiguration : Eureka HTTP Client uses RestTemplate.
2024-09-30T21:48:39.055+05:30  WARN 2980 --- [RoomManagement-Service] [restartedMain] iguration$LoadBalancerCaffeineWarnLogger : Spring Cloud LoadBalancer is currently working with the default cache. While this cache implementation is useful for development and tests, it's recommended to use Caffeine cache in production.You can switch to using Caffeine cache, by adding it and org.springframework.cache.caffeine.CaffeineCacheManager to the classpath.
2024-09-30T21:48:39.070+05:30  INFO 2980 --- [RoomManagement-Service] [restartedMain] o.s.b.a.e.web.EndpointLinksResolver      : Exposing 1 endpoint(s) beneath base path '/actuator'
2024-09-30T21:48:39.293+05:30  INFO 2980 --- [RoomManagement-Service] [restartedMain] o.s.c.n.eureka.InstanceInfoFactory       : Setting initial instance status as: STARTING
2024-09-30T21:48:39.350+05:30  INFO 2980 --- [RoomManagement-Service] [restartedMain] com.netflix.discovery.DiscoveryClient    : Initializing Eureka in region us-east-1
2024-09-30T21:48:39.366+05:30  INFO 2980 --- [RoomManagement-Service] [restartedMain] c.n.d.s.r.aws.ConfigClusterResolver      : Resolving eureka endpoints via configuration
2024-09-30T21:48:39.385+05:30  INFO 2980 --- [RoomManagement-Service] [restartedMain] com.netflix.discovery.DiscoveryClient    : Disable delta property : false
2024-09-30T21:48:39.386+05:30  INFO 2980 --- [RoomManagement-Service] [restartedMain] com.netflix.discovery.DiscoveryClient    : Single vip registry refresh property : null
2024-09-30T21:48:39.386+05:30  INFO 2980 --- [RoomManagement-Service] [restartedMain] com.netflix.discovery.DiscoveryClient    : Force full registry fetch : false
2024-09-30T21:48:39.386+05:30  INFO 2980 --- [RoomManagement-Service] [restartedMain] com.netflix.discovery.DiscoveryClient    : Application is null : false
2024-09-30T21:48:39.386+05:30  INFO 2980 --- [RoomManagement-Service] [restartedMain] com.netflix.discovery.DiscoveryClient    : Registered Applications size is zero : true
2024-09-30T21:48:39.386+05:30  INFO 2980 --- [RoomManagement-Service] [restartedMain] com.netflix.discovery.DiscoveryClient    : Application version is -1: true
2024-09-30T21:48:39.386+05:30  INFO 2980 --- [RoomManagement-Service] [restartedMain] com.netflix.discovery.DiscoveryClient    : Getting all instance registry info from the eureka server
2024-09-30T21:48:39.976+05:30  INFO 2980 --- [RoomManagement-Service] [restartedMain] com.netflix.discovery.DiscoveryClient    : The response status is 200
2024-09-30T21:48:39.978+05:30  INFO 2980 --- [RoomManagement-Service] [restartedMain] com.netflix.discovery.DiscoveryClient    : Starting heartbeat executor: renew interval is: 30
2024-09-30T21:48:39.979+05:30  INFO 2980 --- [RoomManagement-Service] [restartedMain] c.n.discovery.InstanceInfoReplicator     : InstanceInfoReplicator onDemand update allowed rate per min is 4
2024-09-30T21:48:39.980+05:30  INFO 2980 --- [RoomManagement-Service] [restartedMain] com.netflix.discovery.DiscoveryClient    : Discovery Client initialized at timestamp 1727713119980 with initial instances count: 6
2024-09-30T21:48:39.991+05:30  INFO 2980 --- [RoomManagement-Service] [restartedMain] o.s.c.n.e.s.EurekaServiceRegistry        : Registering application ROOMMANAGEMENT-SERVICE with eureka with status UP
2024-09-30T21:48:39.993+05:30  INFO 2980 --- [RoomManagement-Service] [restartedMain] com.netflix.discovery.DiscoveryClient    : Saw local status change event StatusChangeEvent [timestamp=1727713119993, current=UP, previous=STARTING]
2024-09-30T21:48:39.999+05:30  INFO 2980 --- [RoomManagement-Service] [DiscoveryClient-InstanceInfoReplicator-%d] com.netflix.discovery.DiscoveryClient    : DiscoveryClient_ROOMMANAGEMENT-SERVICE/LAPTOP-NEIGL8AB:RoomManagement-Service:8083: registering service...
2024-09-30T21:48:40.072+05:30  INFO 2980 --- [RoomManagement-Service] [restartedMain] o.s.b.w.embedded.tomcat.TomcatWebServer  : Tomcat started on port 8083 (http) with context path ''
2024-09-30T21:48:40.074+05:30  INFO 2980 --- [RoomManagement-Service] [restartedMain] .s.c.n.e.s.EurekaAutoServiceRegistration : Updating port to 8083
2024-09-30T21:48:40.113+05:30  INFO 2980 --- [RoomManagement-Service] [DiscoveryClient-InstanceInfoReplicator-%d] com.netflix.discovery.DiscoveryClient    : DiscoveryClient_ROOMMANAGEMENT-SERVICE/LAPTOP-NEIGL8AB:RoomManagement-Service:8083 - registration status: 204
2024-09-30T21:48:40.158+05:30  INFO 2980 --- [RoomManagement-Service] [restartedMain] c.s.R.RoomManagementServiceApplication   : Started RoomManagementServiceApplication in 13.051 seconds (process running for 13.703)
2024-09-30T21:53:39.405+05:30  INFO 2980 --- [RoomManagement-Service] [AsyncResolver-bootstrap-executor-%d] c.n.d.s.r.aws.ConfigClusterResolver      : Resolving eureka endpoints via configuration
2024-09-30T21:57:06.661+05:30  INFO 2980 --- [RoomManagement-Service] [http-nio-8083-exec-1] o.a.c.c.C.[Tomcat].[localhost].[/]       : Initializing Spring DispatcherServlet 'dispatcherServlet'
2024-09-30T21:57:06.661+05:30  INFO 2980 --- [RoomManagement-Service] [http-nio-8083-exec-1] o.s.web.servlet.DispatcherServlet        : Initializing Servlet 'dispatcherServlet'
2024-09-30T21:57:06.663+05:30  INFO 2980 --- [RoomManagement-Service] [http-nio-8083-exec-1] o.s.web.servlet.DispatcherServlet        : Completed initialization in 2 ms
2024-09-30T21:57:06.690+05:30  INFO 2980 --- [RoomManagement-Service] [http-nio-8083-exec-1] c.s.R.aspect.LoggingAspect               : Entering method: getAllRoomDetails with arguments: []
2024-09-30T21:57:06.864+05:30  INFO 2980 --- [RoomManagement-Service] [http-nio-8083-exec-1] c.s.R.aspect.LoggingAspect               : Method getAllRoomDetails returned with value: [com.sovon9.RoomManagement_Service.model.Room@7885af5a, com.sovon9.RoomManagement_Service.model.Room@3ee2614]
2024-09-30T21:58:39.416+05:30  INFO 2980 --- [RoomManagement-Service] [AsyncResolver-bootstrap-executor-%d] c.n.d.s.r.aws.ConfigClusterResolver      : Resolving eureka endpoints via configuration
2024-09-30T21:59:43.011+05:30  INFO 2980 --- [RoomManagement-Service] [http-nio-8083-exec-3] c.s.R.aspect.LoggingAspect               : Entering method: getAllRoomDetails with arguments: []
2024-09-30T21:59:43.016+05:30  INFO 2980 --- [RoomManagement-Service] [http-nio-8083-exec-3] c.s.R.aspect.LoggingAspect               : Method getAllRoomDetails returned with value: [com.sovon9.RoomManagement_Service.model.Room@5d01ce30, com.sovon9.RoomManagement_Service.model.Room@204f4e75]
2024-09-30T22:03:39.422+05:30  INFO 2980 --- [RoomManagement-Service] [AsyncResolver-bootstrap-executor-%d] c.n.d.s.r.aws.ConfigClusterResolver      : Resolving eureka endpoints via configuration
2024-09-30T22:08:39.428+05:30  INFO 2980 --- [RoomManagement-Service] [AsyncResolver-bootstrap-executor-%d] c.n.d.s.r.aws.ConfigClusterResolver      : Resolving eureka endpoints via configuration
